{"/Users/jamieboyd/GitHub/good-utilities/index.js": {"path":"/Users/jamieboyd/GitHub/good-utilities/index.js","all":true,"statementMap":{"0":{"start":{"line":1,"column":0},"end":{"line":1,"column":29}},"2":{"start":{"line":3,"column":0},"end":{"line":3,"column":13}},"3":{"start":{"line":4,"column":0},"end":{"line":4,"column":13}},"4":{"start":{"line":5,"column":0},"end":{"line":5,"column":13}},"6":{"start":{"line":7,"column":0},"end":{"line":7,"column":6}},"25":{"start":{"line":26,"column":0},"end":{"line":26,"column":9}},"34":{"start":{"line":35,"column":0},"end":{"line":35,"column":12}},"37":{"start":{"line":38,"column":0},"end":{"line":38,"column":7}},"42":{"start":{"line":43,"column":0},"end":{"line":43,"column":13}},"43":{"start":{"line":44,"column":0},"end":{"line":44,"column":13}},"44":{"start":{"line":45,"column":0},"end":{"line":45,"column":13}},"46":{"start":{"line":47,"column":0},"end":{"line":47,"column":6}},"65":{"start":{"line":66,"column":0},"end":{"line":66,"column":9}},"74":{"start":{"line":75,"column":0},"end":{"line":75,"column":12}},"77":{"start":{"line":78,"column":0},"end":{"line":78,"column":7}}},"s":{"0":0,"2":0,"3":0,"4":0,"6":0,"25":0,"34":0,"37":0,"42":0,"43":0,"44":0,"46":0,"65":0,"74":0,"77":0},"branchMap":{"0":{"type":"branch","line":1,"loc":{"start":{"line":1,"column":3133},"end":{"line":81,"column":21}},"locations":[{"start":{"line":1,"column":3133},"end":{"line":81,"column":21}}]}},"b":{"0":[0]},"fnMap":{"0":{"name":"(empty-report)","decl":{"start":{"line":1,"column":3133},"end":{"line":81,"column":21}},"loc":{"start":{"line":1,"column":3133},"end":{"line":81,"column":21}},"line":1}},"f":{"0":0}}
,"/Users/jamieboyd/GitHub/good-utilities/Analytics/trackPageEvent/trackPageEvent.js": {"path":"/Users/jamieboyd/GitHub/good-utilities/Analytics/trackPageEvent/trackPageEvent.js","all":false,"statementMap":{"0":{"start":{"line":1,"column":0},"end":{"line":1,"column":3}},"1":{"start":{"line":2,"column":0},"end":{"line":2,"column":44}},"2":{"start":{"line":3,"column":0},"end":{"line":3,"column":2}},"3":{"start":{"line":4,"column":0},"end":{"line":4,"column":10}},"4":{"start":{"line":5,"column":0},"end":{"line":5,"column":22}},"5":{"start":{"line":6,"column":0},"end":{"line":6,"column":20}},"6":{"start":{"line":7,"column":0},"end":{"line":7,"column":19}},"7":{"start":{"line":8,"column":0},"end":{"line":8,"column":19}},"8":{"start":{"line":9,"column":0},"end":{"line":9,"column":3}},"9":{"start":{"line":10,"column":0},"end":{"line":10,"column":72}},"10":{"start":{"line":11,"column":0},"end":{"line":11,"column":33}},"11":{"start":{"line":12,"column":0},"end":{"line":12,"column":29}},"12":{"start":{"line":13,"column":0},"end":{"line":13,"column":72}},"13":{"start":{"line":14,"column":0},"end":{"line":14,"column":72}},"15":{"start":{"line":16,"column":0},"end":{"line":16,"column":23}},"16":{"start":{"line":17,"column":0},"end":{"line":17,"column":41}},"17":{"start":{"line":18,"column":0},"end":{"line":18,"column":70}},"18":{"start":{"line":19,"column":0},"end":{"line":19,"column":97}},"19":{"start":{"line":20,"column":0},"end":{"line":20,"column":20}},"20":{"start":{"line":21,"column":0},"end":{"line":21,"column":25}},"21":{"start":{"line":22,"column":0},"end":{"line":22,"column":37}},"22":{"start":{"line":23,"column":0},"end":{"line":23,"column":33}},"23":{"start":{"line":24,"column":0},"end":{"line":24,"column":31}},"24":{"start":{"line":25,"column":0},"end":{"line":25,"column":30}},"25":{"start":{"line":26,"column":0},"end":{"line":26,"column":7}},"27":{"start":{"line":28,"column":0},"end":{"line":28,"column":41}},"28":{"start":{"line":29,"column":0},"end":{"line":29,"column":39}},"29":{"start":{"line":30,"column":0},"end":{"line":30,"column":64}},"31":{"start":{"line":32,"column":0},"end":{"line":32,"column":43}},"32":{"start":{"line":33,"column":0},"end":{"line":33,"column":35}},"33":{"start":{"line":34,"column":0},"end":{"line":34,"column":71}},"34":{"start":{"line":35,"column":0},"end":{"line":35,"column":3}},"35":{"start":{"line":36,"column":0},"end":{"line":36,"column":1}}},"s":{"0":1,"1":1,"2":1,"3":1,"4":1,"5":1,"6":1,"7":1,"8":1,"9":1,"10":5,"11":5,"12":5,"13":5,"15":5,"16":5,"17":2,"18":2,"19":2,"20":2,"21":2,"22":2,"23":2,"24":2,"25":2,"27":5,"28":1,"29":1,"31":3,"32":1,"33":1,"34":1,"35":5},"branchMap":{"0":{"type":"branch","line":10,"loc":{"start":{"line":10,"column":15},"end":{"line":36,"column":1}},"locations":[{"start":{"line":10,"column":15},"end":{"line":36,"column":1}}]},"1":{"type":"branch","line":13,"loc":{"start":{"line":13,"column":52},"end":{"line":13,"column":63}},"locations":[{"start":{"line":13,"column":52},"end":{"line":13,"column":63}}]},"2":{"type":"branch","line":13,"loc":{"start":{"line":13,"column":64},"end":{"line":13,"column":71}},"locations":[{"start":{"line":13,"column":64},"end":{"line":13,"column":71}}]},"3":{"type":"branch","line":14,"loc":{"start":{"line":14,"column":52},"end":{"line":14,"column":63}},"locations":[{"start":{"line":14,"column":52},"end":{"line":14,"column":63}}]},"4":{"type":"branch","line":14,"loc":{"start":{"line":14,"column":64},"end":{"line":14,"column":71}},"locations":[{"start":{"line":14,"column":64},"end":{"line":14,"column":71}}]},"5":{"type":"branch","line":17,"loc":{"start":{"line":17,"column":40},"end":{"line":28,"column":3}},"locations":[{"start":{"line":17,"column":40},"end":{"line":28,"column":3}}]},"6":{"type":"branch","line":28,"loc":{"start":{"line":28,"column":3},"end":{"line":35,"column":3}},"locations":[{"start":{"line":28,"column":3},"end":{"line":35,"column":3}}]},"7":{"type":"branch","line":28,"loc":{"start":{"line":28,"column":40},"end":{"line":32,"column":3}},"locations":[{"start":{"line":28,"column":40},"end":{"line":32,"column":3}}]},"8":{"type":"branch","line":32,"loc":{"start":{"line":32,"column":3},"end":{"line":35,"column":3}},"locations":[{"start":{"line":32,"column":3},"end":{"line":35,"column":3}}]},"9":{"type":"branch","line":32,"loc":{"start":{"line":32,"column":42},"end":{"line":35,"column":3}},"locations":[{"start":{"line":32,"column":42},"end":{"line":35,"column":3}}]}},"b":{"0":[5],"1":[1],"2":[4],"3":[4],"4":[1],"5":[2],"6":[3],"7":[1],"8":[2],"9":[1]},"fnMap":{"0":{"name":"trackPageEvent","decl":{"start":{"line":10,"column":15},"end":{"line":36,"column":1}},"loc":{"start":{"line":10,"column":15},"end":{"line":36,"column":1}},"line":10}},"f":{"0":5}}
,"/Users/jamieboyd/GitHub/good-utilities/DOM/collapseElement/collapseElement.js": {"path":"/Users/jamieboyd/GitHub/good-utilities/DOM/collapseElement/collapseElement.js","all":false,"statementMap":{"0":{"start":{"line":1,"column":0},"end":{"line":1,"column":3}},"1":{"start":{"line":2,"column":0},"end":{"line":2,"column":69}},"2":{"start":{"line":3,"column":0},"end":{"line":3,"column":2}},"3":{"start":{"line":4,"column":0},"end":{"line":4,"column":53}},"4":{"start":{"line":5,"column":0},"end":{"line":5,"column":3}},"5":{"start":{"line":6,"column":0},"end":{"line":6,"column":50}},"6":{"start":{"line":7,"column":0},"end":{"line":7,"column":81}},"7":{"start":{"line":8,"column":0},"end":{"line":8,"column":46}},"8":{"start":{"line":9,"column":0},"end":{"line":9,"column":47}},"10":{"start":{"line":11,"column":0},"end":{"line":11,"column":44}},"11":{"start":{"line":12,"column":0},"end":{"line":12,"column":54}},"12":{"start":{"line":13,"column":0},"end":{"line":13,"column":32}},"14":{"start":{"line":15,"column":0},"end":{"line":15,"column":79}},"15":{"start":{"line":16,"column":0},"end":{"line":16,"column":75}},"16":{"start":{"line":17,"column":0},"end":{"line":17,"column":39}},"17":{"start":{"line":18,"column":0},"end":{"line":18,"column":38}},"18":{"start":{"line":19,"column":0},"end":{"line":19,"column":49}},"19":{"start":{"line":20,"column":0},"end":{"line":20,"column":50}},"21":{"start":{"line":22,"column":0},"end":{"line":22,"column":81}},"22":{"start":{"line":23,"column":0},"end":{"line":23,"column":47}},"23":{"start":{"line":24,"column":0},"end":{"line":24,"column":40}},"24":{"start":{"line":25,"column":0},"end":{"line":25,"column":38}},"25":{"start":{"line":26,"column":0},"end":{"line":26,"column":7}},"26":{"start":{"line":27,"column":0},"end":{"line":27,"column":5}},"27":{"start":{"line":28,"column":0},"end":{"line":28,"column":1}}},"s":{"0":1,"1":1,"2":1,"3":1,"4":1,"5":1,"6":3,"7":3,"8":3,"10":3,"11":3,"12":3,"14":3,"15":3,"16":3,"17":3,"18":2,"19":2,"21":2,"22":2,"23":2,"24":1,"25":2,"26":3,"27":3},"branchMap":{"0":{"type":"branch","line":6,"loc":{"start":{"line":6,"column":15},"end":{"line":28,"column":1}},"locations":[{"start":{"line":6,"column":15},"end":{"line":28,"column":1}}]},"1":{"type":"branch","line":18,"loc":{"start":{"line":18,"column":31},"end":{"line":27,"column":3}},"locations":[{"start":{"line":18,"column":31},"end":{"line":27,"column":3}}]},"2":{"type":"branch","line":24,"loc":{"start":{"line":24,"column":33},"end":{"line":26,"column":5}},"locations":[{"start":{"line":24,"column":33},"end":{"line":26,"column":5}}]}},"b":{"0":[3],"1":[2],"2":[1]},"fnMap":{"0":{"name":"collapseElement","decl":{"start":{"line":6,"column":15},"end":{"line":28,"column":1}},"loc":{"start":{"line":6,"column":15},"end":{"line":28,"column":1}},"line":6}},"f":{"0":3}}
,"/Users/jamieboyd/GitHub/good-utilities/DOM/createNodeFromHTML/createNodeFromHTML.js": {"path":"/Users/jamieboyd/GitHub/good-utilities/DOM/createNodeFromHTML/createNodeFromHTML.js","all":false,"statementMap":{"0":{"start":{"line":1,"column":0},"end":{"line":1,"column":3}},"1":{"start":{"line":2,"column":0},"end":{"line":2,"column":70}},"2":{"start":{"line":3,"column":0},"end":{"line":3,"column":2}},"3":{"start":{"line":4,"column":0},"end":{"line":4,"column":10}},"4":{"start":{"line":5,"column":0},"end":{"line":5,"column":24}},"5":{"start":{"line":6,"column":0},"end":{"line":6,"column":11}},"6":{"start":{"line":7,"column":0},"end":{"line":7,"column":3}},"7":{"start":{"line":8,"column":0},"end":{"line":8,"column":56}},"8":{"start":{"line":9,"column":0},"end":{"line":9,"column":58}},"9":{"start":{"line":10,"column":0},"end":{"line":10,"column":2}},"10":{"start":{"line":11,"column":0},"end":{"line":11,"column":50}},"11":{"start":{"line":12,"column":0},"end":{"line":12,"column":2}},"12":{"start":{"line":13,"column":0},"end":{"line":13,"column":70}},"13":{"start":{"line":14,"column":0},"end":{"line":14,"column":41}},"14":{"start":{"line":15,"column":0},"end":{"line":15,"column":38}},"15":{"start":{"line":16,"column":0},"end":{"line":16,"column":1}}},"s":{"0":1,"1":1,"2":1,"3":1,"4":1,"5":1,"6":1,"7":1,"8":5,"9":5,"10":5,"11":5,"12":5,"13":5,"14":5,"15":5},"branchMap":{"0":{"type":"branch","line":8,"loc":{"start":{"line":8,"column":15},"end":{"line":16,"column":1}},"locations":[{"start":{"line":8,"column":15},"end":{"line":16,"column":1}}]}},"b":{"0":[5]},"fnMap":{"0":{"name":"createNodeFromHTML","decl":{"start":{"line":8,"column":15},"end":{"line":16,"column":1}},"loc":{"start":{"line":8,"column":15},"end":{"line":16,"column":1}},"line":8}},"f":{"0":5}}
,"/Users/jamieboyd/GitHub/good-utilities/DOM/decodeCharacters/decodeCharacters.js": {"path":"/Users/jamieboyd/GitHub/good-utilities/DOM/decodeCharacters/decodeCharacters.js","all":false,"statementMap":{"0":{"start":{"line":1,"column":0},"end":{"line":1,"column":3}},"1":{"start":{"line":2,"column":0},"end":{"line":2,"column":91}},"2":{"start":{"line":3,"column":0},"end":{"line":3,"column":2}},"3":{"start":{"line":4,"column":0},"end":{"line":4,"column":23}},"4":{"start":{"line":5,"column":0},"end":{"line":5,"column":2}},"5":{"start":{"line":6,"column":0},"end":{"line":6,"column":20}},"6":{"start":{"line":7,"column":0},"end":{"line":7,"column":3}},"7":{"start":{"line":8,"column":0},"end":{"line":8,"column":48}},"8":{"start":{"line":9,"column":0},"end":{"line":9,"column":48}},"9":{"start":{"line":10,"column":0},"end":{"line":10,"column":24}},"11":{"start":{"line":12,"column":0},"end":{"line":12,"column":20}},"12":{"start":{"line":13,"column":0},"end":{"line":13,"column":1}}},"s":{"0":1,"1":1,"2":1,"3":1,"4":1,"5":1,"6":1,"7":1,"8":3,"9":3,"11":3,"12":3},"branchMap":{"0":{"type":"branch","line":8,"loc":{"start":{"line":8,"column":15},"end":{"line":13,"column":1}},"locations":[{"start":{"line":8,"column":15},"end":{"line":13,"column":1}}]}},"b":{"0":[3]},"fnMap":{"0":{"name":"decodeCharacters","decl":{"start":{"line":8,"column":15},"end":{"line":13,"column":1}},"loc":{"start":{"line":8,"column":15},"end":{"line":13,"column":1}},"line":8}},"f":{"0":3}}
,"/Users/jamieboyd/GitHub/good-utilities/DOM/expandElement/expandElement.js": {"path":"/Users/jamieboyd/GitHub/good-utilities/DOM/expandElement/expandElement.js","all":false,"statementMap":{"0":{"start":{"line":1,"column":0},"end":{"line":1,"column":3}},"1":{"start":{"line":2,"column":0},"end":{"line":2,"column":105}},"2":{"start":{"line":3,"column":0},"end":{"line":3,"column":2}},"3":{"start":{"line":4,"column":0},"end":{"line":4,"column":53}},"4":{"start":{"line":5,"column":0},"end":{"line":5,"column":3}},"5":{"start":{"line":6,"column":0},"end":{"line":6,"column":48}},"6":{"start":{"line":7,"column":0},"end":{"line":7,"column":81}},"7":{"start":{"line":8,"column":0},"end":{"line":8,"column":46}},"9":{"start":{"line":10,"column":0},"end":{"line":10,"column":67}},"10":{"start":{"line":11,"column":0},"end":{"line":11,"column":26}},"11":{"start":{"line":12,"column":0},"end":{"line":12,"column":49}},"12":{"start":{"line":13,"column":0},"end":{"line":13,"column":3}},"14":{"start":{"line":15,"column":0},"end":{"line":15,"column":86}},"15":{"start":{"line":16,"column":0},"end":{"line":16,"column":70}},"16":{"start":{"line":17,"column":0},"end":{"line":17,"column":64}},"17":{"start":{"line":18,"column":0},"end":{"line":18,"column":64}},"18":{"start":{"line":19,"column":0},"end":{"line":19,"column":94}},"19":{"start":{"line":20,"column":0},"end":{"line":20,"column":32}},"20":{"start":{"line":21,"column":0},"end":{"line":21,"column":5}},"21":{"start":{"line":22,"column":0},"end":{"line":22,"column":1}}},"s":{"0":1,"1":1,"2":1,"3":1,"4":1,"5":1,"6":4,"7":4,"9":4,"10":4,"11":3,"12":3,"14":4,"15":4,"16":2,"17":2,"18":2,"19":2,"20":4,"21":4},"branchMap":{"0":{"type":"branch","line":6,"loc":{"start":{"line":6,"column":15},"end":{"line":22,"column":1}},"locations":[{"start":{"line":6,"column":15},"end":{"line":22,"column":1}}]},"1":{"type":"branch","line":11,"loc":{"start":{"line":11,"column":25},"end":{"line":13,"column":3}},"locations":[{"start":{"line":11,"column":25},"end":{"line":13,"column":3}}]},"2":{"type":"branch","line":16,"loc":{"start":{"line":16,"column":44},"end":{"line":21,"column":3}},"locations":[{"start":{"line":16,"column":44},"end":{"line":21,"column":3}}]}},"b":{"0":[4],"1":[3],"2":[2]},"fnMap":{"0":{"name":"expandElement","decl":{"start":{"line":6,"column":15},"end":{"line":22,"column":1}},"loc":{"start":{"line":6,"column":15},"end":{"line":22,"column":1}},"line":6},"1":{"name":"expansionEnds","decl":{"start":{"line":16,"column":44},"end":{"line":21,"column":3}},"loc":{"start":{"line":16,"column":44},"end":{"line":21,"column":3}},"line":16}},"f":{"0":4,"1":2}}
,"/Users/jamieboyd/GitHub/good-utilities/DOM/getClosestDescendentByDepth/getClosestDescendentByDepth.js": {"path":"/Users/jamieboyd/GitHub/good-utilities/DOM/getClosestDescendentByDepth/getClosestDescendentByDepth.js","all":false,"statementMap":{"0":{"start":{"line":1,"column":0},"end":{"line":1,"column":3}},"1":{"start":{"line":2,"column":0},"end":{"line":2,"column":2}},"2":{"start":{"line":3,"column":0},"end":{"line":3,"column":2}},"3":{"start":{"line":4,"column":0},"end":{"line":4,"column":10}},"4":{"start":{"line":5,"column":0},"end":{"line":5,"column":30}},"5":{"start":{"line":6,"column":0},"end":{"line":6,"column":33}},"6":{"start":{"line":7,"column":0},"end":{"line":7,"column":37}},"7":{"start":{"line":8,"column":0},"end":{"line":8,"column":14}},"8":{"start":{"line":9,"column":0},"end":{"line":9,"column":3}},"9":{"start":{"line":10,"column":0},"end":{"line":10,"column":101}},"10":{"start":{"line":11,"column":0},"end":{"line":11,"column":84}},"11":{"start":{"line":12,"column":0},"end":{"line":12,"column":33}},"12":{"start":{"line":13,"column":0},"end":{"line":13,"column":72}},"13":{"start":{"line":14,"column":0},"end":{"line":14,"column":72}},"14":{"start":{"line":15,"column":0},"end":{"line":15,"column":31}},"15":{"start":{"line":16,"column":0},"end":{"line":16,"column":80}},"16":{"start":{"line":17,"column":0},"end":{"line":17,"column":25}},"17":{"start":{"line":18,"column":0},"end":{"line":18,"column":47}},"18":{"start":{"line":19,"column":0},"end":{"line":19,"column":20}},"19":{"start":{"line":20,"column":0},"end":{"line":20,"column":88}},"20":{"start":{"line":21,"column":0},"end":{"line":21,"column":32}},"21":{"start":{"line":22,"column":0},"end":{"line":22,"column":37}},"22":{"start":{"line":23,"column":0},"end":{"line":23,"column":27}},"23":{"start":{"line":24,"column":0},"end":{"line":24,"column":42}},"25":{"start":{"line":26,"column":0},"end":{"line":26,"column":43}},"26":{"start":{"line":27,"column":0},"end":{"line":27,"column":40}},"27":{"start":{"line":28,"column":0},"end":{"line":28,"column":43}},"28":{"start":{"line":29,"column":0},"end":{"line":29,"column":7}},"30":{"start":{"line":31,"column":0},"end":{"line":31,"column":63}},"31":{"start":{"line":32,"column":0},"end":{"line":32,"column":35}},"32":{"start":{"line":33,"column":0},"end":{"line":33,"column":36}},"33":{"start":{"line":34,"column":0},"end":{"line":34,"column":7}},"34":{"start":{"line":35,"column":0},"end":{"line":35,"column":7}},"35":{"start":{"line":36,"column":0},"end":{"line":36,"column":3}},"37":{"start":{"line":38,"column":0},"end":{"line":38,"column":81}},"38":{"start":{"line":39,"column":0},"end":{"line":39,"column":27}},"39":{"start":{"line":40,"column":0},"end":{"line":40,"column":1}}},"s":{"0":1,"1":1,"2":1,"3":1,"4":1,"5":1,"6":1,"7":1,"8":1,"9":1,"10":3,"11":3,"12":3,"13":3,"14":3,"15":3,"16":3,"17":3,"18":3,"19":3,"20":3,"21":3,"22":10,"23":10,"25":10,"26":4,"27":4,"28":4,"30":10,"31":5,"32":5,"33":5,"34":3,"35":3,"37":3,"38":3,"39":3},"branchMap":{"0":{"type":"branch","line":10,"loc":{"start":{"line":10,"column":15},"end":{"line":40,"column":1}},"locations":[{"start":{"line":10,"column":15},"end":{"line":40,"column":1}}]},"1":{"type":"branch","line":22,"loc":{"start":{"line":22,"column":25},"end":{"line":35,"column":5}},"locations":[{"start":{"line":22,"column":25},"end":{"line":35,"column":5}}]},"2":{"type":"branch","line":26,"loc":{"start":{"line":26,"column":42},"end":{"line":29,"column":7}},"locations":[{"start":{"line":26,"column":42},"end":{"line":29,"column":7}}]},"3":{"type":"branch","line":31,"loc":{"start":{"line":31,"column":31},"end":{"line":31,"column":60}},"locations":[{"start":{"line":31,"column":31},"end":{"line":31,"column":60}}]},"4":{"type":"branch","line":31,"loc":{"start":{"line":31,"column":62},"end":{"line":34,"column":7}},"locations":[{"start":{"line":31,"column":62},"end":{"line":34,"column":7}}]}},"b":{"0":[3],"1":[10],"2":[4],"3":[7],"4":[5]},"fnMap":{"0":{"name":"getClosestDescendentByDepth","decl":{"start":{"line":10,"column":15},"end":{"line":40,"column":1}},"loc":{"start":{"line":10,"column":15},"end":{"line":40,"column":1}},"line":10}},"f":{"0":3}}
,"/Users/jamieboyd/GitHub/good-utilities/DOM/getClosestParent/getClosestParent.js": {"path":"/Users/jamieboyd/GitHub/good-utilities/DOM/getClosestParent/getClosestParent.js","all":false,"statementMap":{"0":{"start":{"line":1,"column":0},"end":{"line":1,"column":3}},"1":{"start":{"line":2,"column":0},"end":{"line":2,"column":122}},"2":{"start":{"line":3,"column":0},"end":{"line":3,"column":62}},"3":{"start":{"line":4,"column":0},"end":{"line":4,"column":30}},"4":{"start":{"line":5,"column":0},"end":{"line":5,"column":36}},"5":{"start":{"line":6,"column":0},"end":{"line":6,"column":41}},"6":{"start":{"line":7,"column":0},"end":{"line":7,"column":26}},"7":{"start":{"line":8,"column":0},"end":{"line":8,"column":3}},"8":{"start":{"line":9,"column":0},"end":{"line":9,"column":69}},"9":{"start":{"line":10,"column":0},"end":{"line":10,"column":29}},"11":{"start":{"line":12,"column":0},"end":{"line":12,"column":44}},"12":{"start":{"line":13,"column":0},"end":{"line":13,"column":14}},"13":{"start":{"line":14,"column":0},"end":{"line":14,"column":3}},"15":{"start":{"line":16,"column":0},"end":{"line":16,"column":46}},"16":{"start":{"line":17,"column":0},"end":{"line":17,"column":53}},"17":{"start":{"line":18,"column":0},"end":{"line":18,"column":20}},"18":{"start":{"line":19,"column":0},"end":{"line":19,"column":35}},"19":{"start":{"line":20,"column":0},"end":{"line":20,"column":33}},"20":{"start":{"line":21,"column":0},"end":{"line":21,"column":12}},"21":{"start":{"line":22,"column":0},"end":{"line":22,"column":18}},"22":{"start":{"line":23,"column":0},"end":{"line":23,"column":5}},"23":{"start":{"line":24,"column":0},"end":{"line":24,"column":3}},"25":{"start":{"line":26,"column":0},"end":{"line":26,"column":14}},"26":{"start":{"line":27,"column":0},"end":{"line":27,"column":1}}},"s":{"0":1,"1":1,"2":1,"3":1,"4":1,"5":1,"6":1,"7":1,"8":1,"9":5,"11":5,"12":1,"13":1,"15":5,"16":10,"17":2,"18":10,"19":8,"20":8,"21":0,"22":0,"23":10,"25":2,"26":2},"branchMap":{"0":{"type":"branch","line":9,"loc":{"start":{"line":9,"column":15},"end":{"line":27,"column":1}},"locations":[{"start":{"line":9,"column":15},"end":{"line":27,"column":1}}]},"1":{"type":"branch","line":12,"loc":{"start":{"line":12,"column":18},"end":{"line":12,"column":41}},"locations":[{"start":{"line":12,"column":18},"end":{"line":12,"column":41}}]},"2":{"type":"branch","line":12,"loc":{"start":{"line":12,"column":43},"end":{"line":14,"column":3}},"locations":[{"start":{"line":12,"column":43},"end":{"line":14,"column":3}}]},"3":{"type":"branch","line":14,"loc":{"start":{"line":14,"column":2},"end":{"line":16,"column":16}},"locations":[{"start":{"line":14,"column":2},"end":{"line":16,"column":16}}]},"4":{"type":"branch","line":16,"loc":{"start":{"line":16,"column":16},"end":{"line":16,"column":43}},"locations":[{"start":{"line":16,"column":16},"end":{"line":16,"column":43}}]},"5":{"type":"branch","line":16,"loc":{"start":{"line":16,"column":45},"end":{"line":24,"column":3}},"locations":[{"start":{"line":16,"column":45},"end":{"line":24,"column":3}}]},"6":{"type":"branch","line":17,"loc":{"start":{"line":17,"column":52},"end":{"line":19,"column":5}},"locations":[{"start":{"line":17,"column":52},"end":{"line":19,"column":5}}]},"7":{"type":"branch","line":19,"loc":{"start":{"line":19,"column":5},"end":{"line":23,"column":5}},"locations":[{"start":{"line":19,"column":5},"end":{"line":23,"column":5}}]},"8":{"type":"branch","line":21,"loc":{"start":{"line":21,"column":5},"end":{"line":23,"column":5}},"locations":[{"start":{"line":21,"column":5},"end":{"line":23,"column":5}}]},"9":{"type":"branch","line":24,"loc":{"start":{"line":24,"column":2},"end":{"line":27,"column":1}},"locations":[{"start":{"line":24,"column":2},"end":{"line":27,"column":1}}]}},"b":{"0":[5],"1":[1],"2":[1],"3":[4],"4":[12],"5":[10],"6":[2],"7":[8],"8":[0],"9":[2]},"fnMap":{"0":{"name":"getClosestParent","decl":{"start":{"line":9,"column":15},"end":{"line":27,"column":1}},"loc":{"start":{"line":9,"column":15},"end":{"line":27,"column":1}},"line":9}},"f":{"0":5}}
,"/Users/jamieboyd/GitHub/good-utilities/DOM/getElementOffsetOnPage/getElementOffsetOnPage.js": {"path":"/Users/jamieboyd/GitHub/good-utilities/DOM/getElementOffsetOnPage/getElementOffsetOnPage.js","all":false,"statementMap":{"2":{"start":{"line":3,"column":0},"end":{"line":3,"column":52}},"3":{"start":{"line":4,"column":0},"end":{"line":4,"column":40}},"4":{"start":{"line":5,"column":0},"end":{"line":5,"column":73}},"5":{"start":{"line":6,"column":0},"end":{"line":6,"column":71}},"6":{"start":{"line":7,"column":0},"end":{"line":7,"column":68}},"7":{"start":{"line":8,"column":0},"end":{"line":8,"column":1}}},"s":{"2":1,"3":3,"4":3,"5":3,"6":3,"7":3},"branchMap":{"0":{"type":"branch","line":3,"loc":{"start":{"line":3,"column":15},"end":{"line":8,"column":1}},"locations":[{"start":{"line":3,"column":15},"end":{"line":8,"column":1}}]},"1":{"type":"branch","line":5,"loc":{"start":{"line":5,"column":34},"end":{"line":5,"column":72}},"locations":[{"start":{"line":5,"column":34},"end":{"line":5,"column":72}}]},"2":{"type":"branch","line":6,"loc":{"start":{"line":6,"column":33},"end":{"line":6,"column":70}},"locations":[{"start":{"line":6,"column":33},"end":{"line":6,"column":70}}]}},"b":{"0":[3],"1":[2],"2":[2]},"fnMap":{"0":{"name":"getElementOffsetOnPage","decl":{"start":{"line":3,"column":15},"end":{"line":8,"column":1}},"loc":{"start":{"line":3,"column":15},"end":{"line":8,"column":1}},"line":3}},"f":{"0":3}}
,"/Users/jamieboyd/GitHub/good-utilities/DOM/getIndexOfNode/getIndexOfNode.js": {"path":"/Users/jamieboyd/GitHub/good-utilities/DOM/getIndexOfNode/getIndexOfNode.js","all":false,"statementMap":{"0":{"start":{"line":1,"column":0},"end":{"line":1,"column":3}},"1":{"start":{"line":2,"column":0},"end":{"line":2,"column":82}},"2":{"start":{"line":3,"column":0},"end":{"line":3,"column":2}},"3":{"start":{"line":4,"column":0},"end":{"line":4,"column":10}},"4":{"start":{"line":5,"column":0},"end":{"line":5,"column":18}},"5":{"start":{"line":6,"column":0},"end":{"line":6,"column":11}},"6":{"start":{"line":7,"column":0},"end":{"line":7,"column":3}},"7":{"start":{"line":8,"column":0},"end":{"line":8,"column":46}},"8":{"start":{"line":9,"column":0},"end":{"line":9,"column":21}},"9":{"start":{"line":10,"column":0},"end":{"line":10,"column":34}},"10":{"start":{"line":11,"column":0},"end":{"line":11,"column":53}},"11":{"start":{"line":12,"column":0},"end":{"line":12,"column":69}},"12":{"start":{"line":13,"column":0},"end":{"line":13,"column":15}},"13":{"start":{"line":14,"column":0},"end":{"line":14,"column":1}}},"s":{"0":1,"1":1,"2":1,"3":1,"4":1,"5":1,"6":1,"7":1,"8":2,"9":2,"10":2,"11":2,"12":2,"13":2},"branchMap":{"0":{"type":"branch","line":8,"loc":{"start":{"line":8,"column":15},"end":{"line":14,"column":1}},"locations":[{"start":{"line":8,"column":15},"end":{"line":14,"column":1}}]}},"b":{"0":[2]},"fnMap":{"0":{"name":"getIndexOfNode","decl":{"start":{"line":8,"column":15},"end":{"line":14,"column":1}},"loc":{"start":{"line":8,"column":15},"end":{"line":14,"column":1}},"line":8}},"f":{"0":2}}
,"/Users/jamieboyd/GitHub/good-utilities/DOM/getIndexOfNodeInNodeList/getIndexOfNodeInNodeList.js": {"path":"/Users/jamieboyd/GitHub/good-utilities/DOM/getIndexOfNodeInNodeList/getIndexOfNodeInNodeList.js","all":false,"statementMap":{"2":{"start":{"line":3,"column":0},"end":{"line":3,"column":3}},"3":{"start":{"line":4,"column":0},"end":{"line":4,"column":2}},"4":{"start":{"line":5,"column":0},"end":{"line":5,"column":2}},"5":{"start":{"line":6,"column":0},"end":{"line":6,"column":10}},"6":{"start":{"line":7,"column":0},"end":{"line":7,"column":18}},"7":{"start":{"line":8,"column":0},"end":{"line":8,"column":22}},"8":{"start":{"line":9,"column":0},"end":{"line":9,"column":11}},"9":{"start":{"line":10,"column":0},"end":{"line":10,"column":3}},"10":{"start":{"line":11,"column":0},"end":{"line":11,"column":66}},"11":{"start":{"line":12,"column":0},"end":{"line":12,"column":58}},"12":{"start":{"line":13,"column":0},"end":{"line":13,"column":34}},"13":{"start":{"line":14,"column":0},"end":{"line":14,"column":1}}},"s":{"2":1,"3":1,"4":1,"5":1,"6":1,"7":1,"8":1,"9":1,"10":1,"11":4,"12":4,"13":4},"branchMap":{"0":{"type":"branch","line":11,"loc":{"start":{"line":11,"column":15},"end":{"line":14,"column":1}},"locations":[{"start":{"line":11,"column":15},"end":{"line":14,"column":1}}]}},"b":{"0":[4]},"fnMap":{"0":{"name":"getIndexOfNodeInNodeList","decl":{"start":{"line":11,"column":15},"end":{"line":14,"column":1}},"loc":{"start":{"line":11,"column":15},"end":{"line":14,"column":1}},"line":11}},"f":{"0":4}}
,"/Users/jamieboyd/GitHub/good-utilities/DOM/getOffset/getOffset.js": {"path":"/Users/jamieboyd/GitHub/good-utilities/DOM/getOffset/getOffset.js","all":false,"statementMap":{"0":{"start":{"line":1,"column":0},"end":{"line":1,"column":3}},"1":{"start":{"line":2,"column":0},"end":{"line":2,"column":75}},"2":{"start":{"line":3,"column":0},"end":{"line":3,"column":2}},"3":{"start":{"line":4,"column":0},"end":{"line":4,"column":41}},"4":{"start":{"line":5,"column":0},"end":{"line":5,"column":2}},"5":{"start":{"line":6,"column":0},"end":{"line":6,"column":63}},"6":{"start":{"line":7,"column":0},"end":{"line":7,"column":3}},"7":{"start":{"line":8,"column":0},"end":{"line":8,"column":39}},"8":{"start":{"line":9,"column":0},"end":{"line":9,"column":45}},"10":{"start":{"line":11,"column":0},"end":{"line":11,"column":10}},"11":{"start":{"line":12,"column":0},"end":{"line":12,"column":40}},"12":{"start":{"line":13,"column":0},"end":{"line":13,"column":37}},"13":{"start":{"line":14,"column":0},"end":{"line":14,"column":3}},"14":{"start":{"line":15,"column":0},"end":{"line":15,"column":1}}},"s":{"0":1,"1":1,"2":1,"3":1,"4":1,"5":1,"6":1,"7":1,"8":3,"10":3,"11":3,"12":3,"13":3,"14":3},"branchMap":{"0":{"type":"branch","line":8,"loc":{"start":{"line":8,"column":15},"end":{"line":15,"column":1}},"locations":[{"start":{"line":8,"column":15},"end":{"line":15,"column":1}}]}},"b":{"0":[3]},"fnMap":{"0":{"name":"getOffset","decl":{"start":{"line":8,"column":15},"end":{"line":15,"column":1}},"loc":{"start":{"line":8,"column":15},"end":{"line":15,"column":1}},"line":8}},"f":{"0":3}}
,"/Users/jamieboyd/GitHub/good-utilities/DOM/getOuterHeight/getOuterHeight.js": {"path":"/Users/jamieboyd/GitHub/good-utilities/DOM/getOuterHeight/getOuterHeight.js","all":false,"statementMap":{"0":{"start":{"line":1,"column":0},"end":{"line":1,"column":3}},"1":{"start":{"line":2,"column":0},"end":{"line":2,"column":62}},"2":{"start":{"line":3,"column":0},"end":{"line":3,"column":3}},"3":{"start":{"line":4,"column":0},"end":{"line":4,"column":22}},"4":{"start":{"line":5,"column":0},"end":{"line":5,"column":3}},"5":{"start":{"line":6,"column":0},"end":{"line":6,"column":44}},"6":{"start":{"line":7,"column":0},"end":{"line":7,"column":41}},"7":{"start":{"line":8,"column":0},"end":{"line":8,"column":37}},"9":{"start":{"line":10,"column":0},"end":{"line":10,"column":69}},"10":{"start":{"line":11,"column":0},"end":{"line":11,"column":16}},"11":{"start":{"line":12,"column":0},"end":{"line":12,"column":1}}},"s":{"0":1,"1":1,"2":1,"3":1,"4":1,"5":1,"6":2,"7":2,"9":2,"10":2,"11":2},"branchMap":{"0":{"type":"branch","line":6,"loc":{"start":{"line":6,"column":15},"end":{"line":12,"column":1}},"locations":[{"start":{"line":6,"column":15},"end":{"line":12,"column":1}}]}},"b":{"0":[2]},"fnMap":{"0":{"name":"getOuterHeight","decl":{"start":{"line":6,"column":15},"end":{"line":12,"column":1}},"loc":{"start":{"line":6,"column":15},"end":{"line":12,"column":1}},"line":6}},"f":{"0":2}}
,"/Users/jamieboyd/GitHub/good-utilities/DOM/getOuterWidth/getOuterWidth.js": {"path":"/Users/jamieboyd/GitHub/good-utilities/DOM/getOuterWidth/getOuterWidth.js","all":false,"statementMap":{"0":{"start":{"line":1,"column":0},"end":{"line":1,"column":3}},"1":{"start":{"line":2,"column":0},"end":{"line":2,"column":90}},"2":{"start":{"line":3,"column":0},"end":{"line":3,"column":2}},"3":{"start":{"line":4,"column":0},"end":{"line":4,"column":42}},"4":{"start":{"line":5,"column":0},"end":{"line":5,"column":2}},"5":{"start":{"line":6,"column":0},"end":{"line":6,"column":46}},"6":{"start":{"line":7,"column":0},"end":{"line":7,"column":3}},"7":{"start":{"line":8,"column":0},"end":{"line":8,"column":43}},"8":{"start":{"line":9,"column":0},"end":{"line":9,"column":39}},"9":{"start":{"line":10,"column":0},"end":{"line":10,"column":37}},"11":{"start":{"line":12,"column":0},"end":{"line":12,"column":68}},"12":{"start":{"line":13,"column":0},"end":{"line":13,"column":2}},"13":{"start":{"line":14,"column":0},"end":{"line":14,"column":15}},"14":{"start":{"line":15,"column":0},"end":{"line":15,"column":1}}},"s":{"0":1,"1":1,"2":1,"3":1,"4":1,"5":1,"6":1,"7":1,"8":2,"9":2,"11":2,"12":2,"13":2,"14":2},"branchMap":{"0":{"type":"branch","line":8,"loc":{"start":{"line":8,"column":15},"end":{"line":15,"column":1}},"locations":[{"start":{"line":8,"column":15},"end":{"line":15,"column":1}}]}},"b":{"0":[2]},"fnMap":{"0":{"name":"getOuterWidth","decl":{"start":{"line":8,"column":15},"end":{"line":15,"column":1}},"loc":{"start":{"line":8,"column":15},"end":{"line":15,"column":1}},"line":8}},"f":{"0":2}}
,"/Users/jamieboyd/GitHub/good-utilities/DOM/getURLQueryString/getURLQueryString.js": {"path":"/Users/jamieboyd/GitHub/good-utilities/DOM/getURLQueryString/getURLQueryString.js","all":false,"statementMap":{"0":{"start":{"line":1,"column":0},"end":{"line":1,"column":3}},"1":{"start":{"line":2,"column":0},"end":{"line":2,"column":88}},"2":{"start":{"line":3,"column":0},"end":{"line":3,"column":3}},"3":{"start":{"line":4,"column":0},"end":{"line":4,"column":19}},"4":{"start":{"line":5,"column":0},"end":{"line":5,"column":3}},"5":{"start":{"line":6,"column":0},"end":{"line":6,"column":45}},"6":{"start":{"line":7,"column":0},"end":{"line":7,"column":16}},"7":{"start":{"line":8,"column":0},"end":{"line":8,"column":11}},"8":{"start":{"line":9,"column":0},"end":{"line":9,"column":2}},"9":{"start":{"line":10,"column":0},"end":{"line":10,"column":94}},"10":{"start":{"line":11,"column":0},"end":{"line":11,"column":2}},"11":{"start":{"line":12,"column":0},"end":{"line":12,"column":43}},"12":{"start":{"line":13,"column":0},"end":{"line":13,"column":32}},"13":{"start":{"line":14,"column":0},"end":{"line":14,"column":23}},"14":{"start":{"line":15,"column":0},"end":{"line":15,"column":28}},"15":{"start":{"line":16,"column":0},"end":{"line":16,"column":3}},"16":{"start":{"line":17,"column":0},"end":{"line":17,"column":2}},"17":{"start":{"line":18,"column":0},"end":{"line":18,"column":14}},"18":{"start":{"line":19,"column":0},"end":{"line":19,"column":1}}},"s":{"0":1,"1":1,"2":1,"3":1,"4":1,"5":1,"6":4,"7":4,"8":4,"9":4,"10":4,"11":4,"12":7,"13":7,"14":7,"15":7,"16":4,"17":4,"18":4},"branchMap":{"0":{"type":"branch","line":6,"loc":{"start":{"line":6,"column":15},"end":{"line":19,"column":1}},"locations":[{"start":{"line":6,"column":15},"end":{"line":19,"column":1}}]},"1":{"type":"branch","line":12,"loc":{"start":{"line":12,"column":42},"end":{"line":16,"column":3}},"locations":[{"start":{"line":12,"column":42},"end":{"line":16,"column":3}}]}},"b":{"0":[4],"1":[7]},"fnMap":{"0":{"name":"getURLQueryString","decl":{"start":{"line":6,"column":15},"end":{"line":19,"column":1}},"loc":{"start":{"line":6,"column":15},"end":{"line":19,"column":1}},"line":6}},"f":{"0":4}}
,"/Users/jamieboyd/GitHub/good-utilities/DOM/isElementInView/isElementInView.js": {"path":"/Users/jamieboyd/GitHub/good-utilities/DOM/isElementInView/isElementInView.js","all":false,"statementMap":{"0":{"start":{"line":1,"column":0},"end":{"line":1,"column":3}},"1":{"start":{"line":2,"column":0},"end":{"line":2,"column":90}},"2":{"start":{"line":3,"column":0},"end":{"line":3,"column":14}},"3":{"start":{"line":4,"column":0},"end":{"line":4,"column":2}},"4":{"start":{"line":5,"column":0},"end":{"line":5,"column":38}},"5":{"start":{"line":6,"column":0},"end":{"line":6,"column":2}},"6":{"start":{"line":7,"column":0},"end":{"line":7,"column":33}},"7":{"start":{"line":8,"column":0},"end":{"line":8,"column":3}},"8":{"start":{"line":9,"column":0},"end":{"line":9,"column":50}},"9":{"start":{"line":10,"column":0},"end":{"line":10,"column":43}},"10":{"start":{"line":11,"column":0},"end":{"line":11,"column":36}},"11":{"start":{"line":12,"column":0},"end":{"line":12,"column":57}},"12":{"start":{"line":13,"column":0},"end":{"line":13,"column":41}},"13":{"start":{"line":14,"column":0},"end":{"line":14,"column":46}},"15":{"start":{"line":16,"column":0},"end":{"line":16,"column":98}},"16":{"start":{"line":17,"column":0},"end":{"line":17,"column":16}},"17":{"start":{"line":18,"column":0},"end":{"line":18,"column":124}},"18":{"start":{"line":19,"column":0},"end":{"line":19,"column":16}},"19":{"start":{"line":20,"column":0},"end":{"line":20,"column":10}},"20":{"start":{"line":21,"column":0},"end":{"line":21,"column":17}},"21":{"start":{"line":22,"column":0},"end":{"line":22,"column":3}},"22":{"start":{"line":23,"column":0},"end":{"line":23,"column":1}}},"s":{"0":1,"1":1,"2":1,"3":1,"4":1,"5":1,"6":1,"7":1,"8":1,"9":4,"10":4,"11":4,"12":4,"13":4,"15":4,"16":2,"17":2,"18":0,"19":2,"20":2,"21":2,"22":4},"branchMap":{"0":{"type":"branch","line":9,"loc":{"start":{"line":9,"column":15},"end":{"line":23,"column":1}},"locations":[{"start":{"line":9,"column":15},"end":{"line":23,"column":1}}]},"1":{"type":"branch","line":16,"loc":{"start":{"line":16,"column":49},"end":{"line":16,"column":95}},"locations":[{"start":{"line":16,"column":49},"end":{"line":16,"column":95}}]},"2":{"type":"branch","line":16,"loc":{"start":{"line":16,"column":97},"end":{"line":22,"column":3}},"locations":[{"start":{"line":16,"column":97},"end":{"line":22,"column":3}}]},"3":{"type":"branch","line":18,"loc":{"start":{"line":18,"column":57},"end":{"line":18,"column":121}},"locations":[{"start":{"line":18,"column":57},"end":{"line":18,"column":121}}]},"4":{"type":"branch","line":18,"loc":{"start":{"line":18,"column":123},"end":{"line":20,"column":3}},"locations":[{"start":{"line":18,"column":123},"end":{"line":20,"column":3}}]}},"b":{"0":[4],"1":[3],"2":[2],"3":[1],"4":[0]},"fnMap":{"0":{"name":"isElementInView","decl":{"start":{"line":9,"column":15},"end":{"line":23,"column":1}},"loc":{"start":{"line":9,"column":15},"end":{"line":23,"column":1}},"line":9}},"f":{"0":4}}
,"/Users/jamieboyd/GitHub/good-utilities/DOM/ready/ready.js": {"path":"/Users/jamieboyd/GitHub/good-utilities/DOM/ready/ready.js","all":false,"statementMap":{"0":{"start":{"line":1,"column":0},"end":{"line":1,"column":3}},"1":{"start":{"line":2,"column":0},"end":{"line":2,"column":67}},"2":{"start":{"line":3,"column":0},"end":{"line":3,"column":2}},"3":{"start":{"line":4,"column":0},"end":{"line":4,"column":35}},"4":{"start":{"line":5,"column":0},"end":{"line":5,"column":3}},"5":{"start":{"line":6,"column":0},"end":{"line":6,"column":35}},"6":{"start":{"line":7,"column":0},"end":{"line":7,"column":102}},"7":{"start":{"line":8,"column":0},"end":{"line":8,"column":9}},"8":{"start":{"line":9,"column":0},"end":{"line":9,"column":10}},"9":{"start":{"line":10,"column":0},"end":{"line":10,"column":54}},"10":{"start":{"line":11,"column":0},"end":{"line":11,"column":3}},"11":{"start":{"line":12,"column":0},"end":{"line":12,"column":1}}},"s":{"0":1,"1":1,"2":1,"3":1,"4":1,"5":1,"6":2,"7":1,"8":1,"9":1,"10":1,"11":2},"branchMap":{"0":{"type":"branch","line":6,"loc":{"start":{"line":6,"column":15},"end":{"line":12,"column":1}},"locations":[{"start":{"line":6,"column":15},"end":{"line":12,"column":1}}]},"1":{"type":"branch","line":7,"loc":{"start":{"line":7,"column":27},"end":{"line":7,"column":63}},"locations":[{"start":{"line":7,"column":27},"end":{"line":7,"column":63}}]},"2":{"type":"branch","line":7,"loc":{"start":{"line":7,"column":101},"end":{"line":11,"column":3}},"locations":[{"start":{"line":7,"column":101},"end":{"line":11,"column":3}}]}},"b":{"0":[2],"1":[0],"2":[1]},"fnMap":{"0":{"name":"ready","decl":{"start":{"line":6,"column":15},"end":{"line":12,"column":1}},"loc":{"start":{"line":6,"column":15},"end":{"line":12,"column":1}},"line":6}},"f":{"0":2}}
,"/Users/jamieboyd/GitHub/good-utilities/DOM/removeInlineStyles/removeInlineStyles.js": {"path":"/Users/jamieboyd/GitHub/good-utilities/DOM/removeInlineStyles/removeInlineStyles.js","all":false,"statementMap":{"0":{"start":{"line":1,"column":0},"end":{"line":1,"column":3}},"1":{"start":{"line":2,"column":0},"end":{"line":2,"column":45}},"2":{"start":{"line":3,"column":0},"end":{"line":3,"column":2}},"3":{"start":{"line":4,"column":0},"end":{"line":4,"column":36}},"4":{"start":{"line":5,"column":0},"end":{"line":5,"column":2}},"5":{"start":{"line":6,"column":0},"end":{"line":6,"column":30}},"6":{"start":{"line":7,"column":0},"end":{"line":7,"column":3}},"7":{"start":{"line":8,"column":0},"end":{"line":8,"column":53}},"8":{"start":{"line":9,"column":0},"end":{"line":9,"column":36}},"9":{"start":{"line":10,"column":0},"end":{"line":10,"column":1}}},"s":{"0":1,"1":1,"2":1,"3":1,"4":1,"5":1,"6":1,"7":1,"8":2,"9":2},"branchMap":{"0":{"type":"branch","line":8,"loc":{"start":{"line":8,"column":15},"end":{"line":10,"column":1}},"locations":[{"start":{"line":8,"column":15},"end":{"line":10,"column":1}}]}},"b":{"0":[2]},"fnMap":{"0":{"name":"removeInlineStyles","decl":{"start":{"line":8,"column":15},"end":{"line":10,"column":1}},"loc":{"start":{"line":8,"column":15},"end":{"line":10,"column":1}},"line":8}},"f":{"0":2}}
,"/Users/jamieboyd/GitHub/good-utilities/DOM/wrapElement/wrapElement.js": {"path":"/Users/jamieboyd/GitHub/good-utilities/DOM/wrapElement/wrapElement.js","all":false,"statementMap":{"0":{"start":{"line":1,"column":0},"end":{"line":1,"column":3}},"1":{"start":{"line":2,"column":0},"end":{"line":2,"column":41}},"2":{"start":{"line":3,"column":0},"end":{"line":3,"column":2}},"3":{"start":{"line":4,"column":0},"end":{"line":4,"column":10}},"4":{"start":{"line":5,"column":0},"end":{"line":5,"column":16}},"5":{"start":{"line":6,"column":0},"end":{"line":6,"column":21}},"6":{"start":{"line":7,"column":0},"end":{"line":7,"column":3}},"7":{"start":{"line":8,"column":0},"end":{"line":8,"column":50}},"8":{"start":{"line":9,"column":0},"end":{"line":9,"column":42}},"9":{"start":{"line":10,"column":0},"end":{"line":10,"column":26}},"10":{"start":{"line":11,"column":0},"end":{"line":11,"column":1}}},"s":{"0":1,"1":1,"2":1,"3":1,"4":1,"5":1,"6":1,"7":1,"8":4,"9":4,"10":4},"branchMap":{"0":{"type":"branch","line":8,"loc":{"start":{"line":8,"column":15},"end":{"line":11,"column":1}},"locations":[{"start":{"line":8,"column":15},"end":{"line":11,"column":1}}]}},"b":{"0":[4]},"fnMap":{"0":{"name":"wrapElement","decl":{"start":{"line":8,"column":15},"end":{"line":11,"column":1}},"loc":{"start":{"line":8,"column":15},"end":{"line":11,"column":1}},"line":8}},"f":{"0":4}}
,"/Users/jamieboyd/GitHub/good-utilities/Data/getCookie/getCookie.js": {"path":"/Users/jamieboyd/GitHub/good-utilities/Data/getCookie/getCookie.js","all":false,"statementMap":{"1":{"start":{"line":2,"column":0},"end":{"line":2,"column":3}},"2":{"start":{"line":3,"column":0},"end":{"line":3,"column":37}},"3":{"start":{"line":4,"column":0},"end":{"line":4,"column":2}},"4":{"start":{"line":5,"column":0},"end":{"line":5,"column":10}},"5":{"start":{"line":6,"column":0},"end":{"line":6,"column":24}},"6":{"start":{"line":7,"column":0},"end":{"line":7,"column":14}},"7":{"start":{"line":8,"column":0},"end":{"line":8,"column":3}},"8":{"start":{"line":9,"column":0},"end":{"line":9,"column":47}},"9":{"start":{"line":10,"column":0},"end":{"line":10,"column":32}},"10":{"start":{"line":11,"column":0},"end":{"line":11,"column":38}},"11":{"start":{"line":12,"column":0},"end":{"line":12,"column":34}},"12":{"start":{"line":13,"column":0},"end":{"line":13,"column":20}},"13":{"start":{"line":14,"column":0},"end":{"line":14,"column":59}},"14":{"start":{"line":15,"column":0},"end":{"line":15,"column":77}},"15":{"start":{"line":16,"column":0},"end":{"line":16,"column":3}},"16":{"start":{"line":17,"column":0},"end":{"line":17,"column":14}},"17":{"start":{"line":18,"column":0},"end":{"line":18,"column":1}}},"s":{"1":1,"2":1,"3":1,"4":1,"5":1,"6":1,"7":1,"8":1,"9":4,"10":4,"11":4,"12":5,"13":5,"14":5,"15":5,"16":1,"17":1},"branchMap":{"0":{"type":"branch","line":9,"loc":{"start":{"line":9,"column":15},"end":{"line":18,"column":1}},"locations":[{"start":{"line":9,"column":15},"end":{"line":18,"column":1}}]},"1":{"type":"branch","line":12,"loc":{"start":{"line":12,"column":33},"end":{"line":16,"column":3}},"locations":[{"start":{"line":12,"column":33},"end":{"line":16,"column":3}}]},"2":{"type":"branch","line":14,"loc":{"start":{"line":14,"column":31},"end":{"line":14,"column":59}},"locations":[{"start":{"line":14,"column":31},"end":{"line":14,"column":59}}]},"3":{"type":"branch","line":15,"loc":{"start":{"line":15,"column":34},"end":{"line":15,"column":77}},"locations":[{"start":{"line":15,"column":34},"end":{"line":15,"column":77}}]},"4":{"type":"branch","line":16,"loc":{"start":{"line":16,"column":2},"end":{"line":18,"column":1}},"locations":[{"start":{"line":16,"column":2},"end":{"line":18,"column":1}}]}},"b":{"0":[4],"1":[5],"2":[1],"3":[3],"4":[1]},"fnMap":{"0":{"name":"getCookie","decl":{"start":{"line":9,"column":15},"end":{"line":18,"column":1}},"loc":{"start":{"line":9,"column":15},"end":{"line":18,"column":1}},"line":9}},"f":{"0":4}}
,"/Users/jamieboyd/GitHub/good-utilities/Data/searchArrayByItemPropertyValue/searchArrayByItemPropertyValue.js": {"path":"/Users/jamieboyd/GitHub/good-utilities/Data/searchArrayByItemPropertyValue/searchArrayByItemPropertyValue.js","all":false,"statementMap":{"0":{"start":{"line":1,"column":0},"end":{"line":1,"column":3}},"1":{"start":{"line":2,"column":0},"end":{"line":2,"column":96}},"2":{"start":{"line":3,"column":0},"end":{"line":3,"column":50}},"3":{"start":{"line":4,"column":0},"end":{"line":4,"column":2}},"4":{"start":{"line":5,"column":0},"end":{"line":5,"column":10}},"5":{"start":{"line":6,"column":0},"end":{"line":6,"column":21}},"6":{"start":{"line":7,"column":0},"end":{"line":7,"column":22}},"7":{"start":{"line":8,"column":0},"end":{"line":8,"column":27}},"8":{"start":{"line":9,"column":0},"end":{"line":9,"column":11}},"9":{"start":{"line":10,"column":0},"end":{"line":10,"column":3}},"10":{"start":{"line":11,"column":0},"end":{"line":11,"column":91}},"11":{"start":{"line":12,"column":0},"end":{"line":12,"column":50}},"12":{"start":{"line":13,"column":0},"end":{"line":13,"column":49}},"13":{"start":{"line":14,"column":0},"end":{"line":14,"column":30}},"14":{"start":{"line":15,"column":0},"end":{"line":15,"column":5}},"15":{"start":{"line":16,"column":0},"end":{"line":16,"column":3}},"17":{"start":{"line":18,"column":0},"end":{"line":18,"column":15}},"18":{"start":{"line":19,"column":0},"end":{"line":19,"column":1}}},"s":{"0":1,"1":1,"2":1,"3":1,"4":1,"5":1,"6":1,"7":1,"8":1,"9":1,"10":1,"11":4,"12":4,"13":4,"14":4,"15":4,"17":0,"18":0},"branchMap":{"0":{"type":"branch","line":11,"loc":{"start":{"line":11,"column":15},"end":{"line":19,"column":1}},"locations":[{"start":{"line":11,"column":15},"end":{"line":19,"column":1}}]},"1":{"type":"branch","line":16,"loc":{"start":{"line":16,"column":2},"end":{"line":19,"column":1}},"locations":[{"start":{"line":16,"column":2},"end":{"line":19,"column":1}}]}},"b":{"0":[4],"1":[0]},"fnMap":{"0":{"name":"searchArrayByItemPropertyValue","decl":{"start":{"line":11,"column":15},"end":{"line":19,"column":1}},"loc":{"start":{"line":11,"column":15},"end":{"line":19,"column":1}},"line":11}},"f":{"0":4}}
,"/Users/jamieboyd/GitHub/good-utilities/Data/setCookie/setCookie.js": {"path":"/Users/jamieboyd/GitHub/good-utilities/Data/setCookie/setCookie.js","all":false,"statementMap":{"1":{"start":{"line":2,"column":0},"end":{"line":2,"column":3}},"2":{"start":{"line":3,"column":0},"end":{"line":3,"column":15}},"3":{"start":{"line":4,"column":0},"end":{"line":4,"column":2}},"4":{"start":{"line":5,"column":0},"end":{"line":5,"column":10}},"5":{"start":{"line":6,"column":0},"end":{"line":6,"column":24}},"6":{"start":{"line":7,"column":0},"end":{"line":7,"column":19}},"7":{"start":{"line":8,"column":0},"end":{"line":8,"column":18}},"8":{"start":{"line":9,"column":0},"end":{"line":9,"column":3}},"9":{"start":{"line":10,"column":0},"end":{"line":10,"column":102}},"10":{"start":{"line":11,"column":0},"end":{"line":11,"column":19}},"11":{"start":{"line":12,"column":0},"end":{"line":12,"column":13}},"12":{"start":{"line":13,"column":0},"end":{"line":13,"column":28}},"13":{"start":{"line":14,"column":0},"end":{"line":14,"column":58}},"14":{"start":{"line":15,"column":0},"end":{"line":15,"column":50}},"15":{"start":{"line":16,"column":0},"end":{"line":16,"column":3}},"16":{"start":{"line":17,"column":0},"end":{"line":17,"column":73}},"17":{"start":{"line":18,"column":0},"end":{"line":18,"column":1}}},"s":{"1":1,"2":1,"3":1,"4":1,"5":1,"6":1,"7":1,"8":1,"9":1,"10":5,"11":5,"12":1,"13":1,"14":1,"15":1,"16":5,"17":5},"branchMap":{"0":{"type":"branch","line":10,"loc":{"start":{"line":10,"column":15},"end":{"line":18,"column":1}},"locations":[{"start":{"line":10,"column":15},"end":{"line":18,"column":1}}]},"1":{"type":"branch","line":12,"loc":{"start":{"line":12,"column":12},"end":{"line":16,"column":3}},"locations":[{"start":{"line":12,"column":12},"end":{"line":16,"column":3}}]},"2":{"type":"branch","line":17,"loc":{"start":{"line":17,"column":46},"end":{"line":17,"column":51}},"locations":[{"start":{"line":17,"column":46},"end":{"line":17,"column":51}}]}},"b":{"0":[5],"1":[1],"2":[1]},"fnMap":{"0":{"name":"setCookie","decl":{"start":{"line":10,"column":15},"end":{"line":18,"column":1}},"loc":{"start":{"line":10,"column":15},"end":{"line":18,"column":1}},"line":10}},"f":{"0":5}}
,"/Users/jamieboyd/GitHub/good-utilities/Events/bindGlobalMessages/bindGlobalMessages.js": {"path":"/Users/jamieboyd/GitHub/good-utilities/Events/bindGlobalMessages/bindGlobalMessages.js","all":false,"statementMap":{"0":{"start":{"line":1,"column":0},"end":{"line":1,"column":0}},"4":{"start":{"line":5,"column":0},"end":{"line":5,"column":3}},"5":{"start":{"line":6,"column":0},"end":{"line":6,"column":108}},"6":{"start":{"line":7,"column":0},"end":{"line":7,"column":2}},"7":{"start":{"line":8,"column":0},"end":{"line":8,"column":30}},"8":{"start":{"line":9,"column":0},"end":{"line":9,"column":3}},"9":{"start":{"line":10,"column":0},"end":{"line":10,"column":46}},"10":{"start":{"line":11,"column":0},"end":{"line":11,"column":28}},"11":{"start":{"line":12,"column":0},"end":{"line":12,"column":28}},"12":{"start":{"line":13,"column":0},"end":{"line":13,"column":1}}},"s":{"0":1,"4":1,"5":1,"6":1,"7":1,"8":1,"9":1,"10":1,"11":1,"12":1},"branchMap":{"0":{"type":"branch","line":10,"loc":{"start":{"line":10,"column":15},"end":{"line":13,"column":1}},"locations":[{"start":{"line":10,"column":15},"end":{"line":13,"column":1}}]}},"b":{"0":[1]},"fnMap":{"0":{"name":"bindGlobalMessages","decl":{"start":{"line":10,"column":15},"end":{"line":13,"column":1}},"loc":{"start":{"line":10,"column":15},"end":{"line":13,"column":1}},"line":10}},"f":{"0":1}}
,"/Users/jamieboyd/GitHub/good-utilities/Events/bindGlobalResizeMessage/bindGlobalResizeMessage.js": {"path":"/Users/jamieboyd/GitHub/good-utilities/Events/bindGlobalResizeMessage/bindGlobalResizeMessage.js","all":false,"statementMap":{"0":{"start":{"line":1,"column":0},"end":{"line":1,"column":59}},"5":{"start":{"line":6,"column":0},"end":{"line":6,"column":3}},"6":{"start":{"line":7,"column":0},"end":{"line":7,"column":108}},"7":{"start":{"line":8,"column":0},"end":{"line":8,"column":2}},"8":{"start":{"line":9,"column":0},"end":{"line":9,"column":30}},"9":{"start":{"line":10,"column":0},"end":{"line":10,"column":3}},"10":{"start":{"line":11,"column":0},"end":{"line":11,"column":51}},"11":{"start":{"line":12,"column":0},"end":{"line":12,"column":71}},"12":{"start":{"line":13,"column":0},"end":{"line":13,"column":36}},"13":{"start":{"line":14,"column":0},"end":{"line":14,"column":41}},"14":{"start":{"line":15,"column":0},"end":{"line":15,"column":30}},"15":{"start":{"line":16,"column":0},"end":{"line":16,"column":36}},"16":{"start":{"line":17,"column":0},"end":{"line":17,"column":10}},"17":{"start":{"line":18,"column":0},"end":{"line":18,"column":1}}},"s":{"0":1,"5":1,"6":1,"7":1,"8":1,"9":1,"10":1,"11":2,"12":2,"13":2,"14":2,"15":2,"16":2,"17":2},"branchMap":{"0":{"type":"branch","line":11,"loc":{"start":{"line":11,"column":15},"end":{"line":18,"column":1}},"locations":[{"start":{"line":11,"column":15},"end":{"line":18,"column":1}}]},"1":{"type":"branch","line":14,"loc":{"start":{"line":14,"column":29},"end":{"line":17,"column":3}},"locations":[{"start":{"line":14,"column":29},"end":{"line":17,"column":3}}]}},"b":{"0":[2],"1":[2]},"fnMap":{"0":{"name":"bindGlobalResizeMessage","decl":{"start":{"line":11,"column":15},"end":{"line":18,"column":1}},"loc":{"start":{"line":11,"column":15},"end":{"line":18,"column":1}},"line":11}},"f":{"0":2}}
,"/Users/jamieboyd/GitHub/good-utilities/Events/bindGlobalScrollMessage/bindGlobalScrollMessage.js": {"path":"/Users/jamieboyd/GitHub/good-utilities/Events/bindGlobalScrollMessage/bindGlobalScrollMessage.js","all":false,"statementMap":{"0":{"start":{"line":1,"column":0},"end":{"line":1,"column":59}},"4":{"start":{"line":5,"column":0},"end":{"line":5,"column":3}},"5":{"start":{"line":6,"column":0},"end":{"line":6,"column":108}},"6":{"start":{"line":7,"column":0},"end":{"line":7,"column":2}},"7":{"start":{"line":8,"column":0},"end":{"line":8,"column":30}},"8":{"start":{"line":9,"column":0},"end":{"line":9,"column":3}},"9":{"start":{"line":10,"column":0},"end":{"line":10,"column":51}},"10":{"start":{"line":11,"column":0},"end":{"line":11,"column":66}},"11":{"start":{"line":12,"column":0},"end":{"line":12,"column":36}},"12":{"start":{"line":13,"column":0},"end":{"line":13,"column":48}},"13":{"start":{"line":14,"column":0},"end":{"line":14,"column":29}},"14":{"start":{"line":15,"column":0},"end":{"line":15,"column":36}},"15":{"start":{"line":16,"column":0},"end":{"line":16,"column":5}},"16":{"start":{"line":17,"column":0},"end":{"line":17,"column":1}}},"s":{"0":1,"4":1,"5":1,"6":1,"7":1,"8":1,"9":1,"10":1,"11":1,"12":1,"13":1,"14":1,"15":1,"16":1},"branchMap":{"0":{"type":"branch","line":10,"loc":{"start":{"line":10,"column":15},"end":{"line":17,"column":1}},"locations":[{"start":{"line":10,"column":15},"end":{"line":17,"column":1}}]},"1":{"type":"branch","line":13,"loc":{"start":{"line":13,"column":36},"end":{"line":16,"column":3}},"locations":[{"start":{"line":13,"column":36},"end":{"line":16,"column":3}}]}},"b":{"0":[1],"1":[1]},"fnMap":{"0":{"name":"bindGlobalScrollMessage","decl":{"start":{"line":10,"column":15},"end":{"line":17,"column":1}},"loc":{"start":{"line":10,"column":15},"end":{"line":17,"column":1}},"line":10}},"f":{"0":1}}
,"/Users/jamieboyd/GitHub/good-utilities/Events/createCustomEvent/createCustomEvent.js": {"path":"/Users/jamieboyd/GitHub/good-utilities/Events/createCustomEvent/createCustomEvent.js","all":false,"statementMap":{"0":{"start":{"line":1,"column":0},"end":{"line":1,"column":3}},"1":{"start":{"line":2,"column":0},"end":{"line":2,"column":52}},"2":{"start":{"line":3,"column":0},"end":{"line":3,"column":2}},"3":{"start":{"line":4,"column":0},"end":{"line":4,"column":53}},"4":{"start":{"line":5,"column":0},"end":{"line":5,"column":87}},"5":{"start":{"line":6,"column":0},"end":{"line":6,"column":2}},"6":{"start":{"line":7,"column":0},"end":{"line":7,"column":40}},"7":{"start":{"line":8,"column":0},"end":{"line":8,"column":3}},"8":{"start":{"line":9,"column":0},"end":{"line":9,"column":65}},"9":{"start":{"line":10,"column":0},"end":{"line":10,"column":18}},"11":{"start":{"line":12,"column":0},"end":{"line":12,"column":27}},"12":{"start":{"line":13,"column":0},"end":{"line":13,"column":93}},"13":{"start":{"line":14,"column":0},"end":{"line":14,"column":10}},"14":{"start":{"line":15,"column":0},"end":{"line":15,"column":54}},"15":{"start":{"line":16,"column":0},"end":{"line":16,"column":76}},"16":{"start":{"line":17,"column":0},"end":{"line":17,"column":3}},"18":{"start":{"line":19,"column":0},"end":{"line":19,"column":21}},"19":{"start":{"line":20,"column":0},"end":{"line":20,"column":1}}},"s":{"0":1,"1":1,"2":1,"3":1,"4":1,"5":1,"6":1,"7":1,"8":1,"9":10,"11":10,"12":10,"13":10,"14":0,"15":0,"16":0,"18":10,"19":10},"branchMap":{"0":{"type":"branch","line":9,"loc":{"start":{"line":9,"column":15},"end":{"line":20,"column":1}},"locations":[{"start":{"line":9,"column":15},"end":{"line":20,"column":1}}]},"1":{"type":"branch","line":14,"loc":{"start":{"line":14,"column":3},"end":{"line":17,"column":3}},"locations":[{"start":{"line":14,"column":3},"end":{"line":17,"column":3}}]}},"b":{"0":[10],"1":[0]},"fnMap":{"0":{"name":"createCustomEvent","decl":{"start":{"line":9,"column":15},"end":{"line":20,"column":1}},"loc":{"start":{"line":9,"column":15},"end":{"line":20,"column":1}},"line":9}},"f":{"0":10}}
,"/Users/jamieboyd/GitHub/good-utilities/Events/createDelegatedEventListener/createDelegatedEventListener.js": {"path":"/Users/jamieboyd/GitHub/good-utilities/Events/createDelegatedEventListener/createDelegatedEventListener.js","all":false,"statementMap":{"0":{"start":{"line":1,"column":0},"end":{"line":1,"column":62}},"3":{"start":{"line":4,"column":0},"end":{"line":4,"column":3}},"4":{"start":{"line":5,"column":0},"end":{"line":5,"column":121}},"5":{"start":{"line":6,"column":0},"end":{"line":6,"column":2}},"6":{"start":{"line":7,"column":0},"end":{"line":7,"column":68}},"7":{"start":{"line":8,"column":0},"end":{"line":8,"column":84}},"8":{"start":{"line":9,"column":0},"end":{"line":9,"column":85}},"9":{"start":{"line":10,"column":0},"end":{"line":10,"column":79}},"10":{"start":{"line":11,"column":0},"end":{"line":11,"column":3}},"11":{"start":{"line":12,"column":0},"end":{"line":12,"column":109}},"12":{"start":{"line":13,"column":0},"end":{"line":13,"column":55}},"13":{"start":{"line":14,"column":0},"end":{"line":14,"column":23}},"14":{"start":{"line":15,"column":0},"end":{"line":15,"column":24}},"15":{"start":{"line":16,"column":0},"end":{"line":16,"column":69}},"16":{"start":{"line":17,"column":0},"end":{"line":17,"column":40}},"17":{"start":{"line":18,"column":0},"end":{"line":18,"column":12}},"18":{"start":{"line":19,"column":0},"end":{"line":19,"column":1}}},"s":{"0":1,"3":1,"4":1,"5":1,"6":1,"7":1,"8":1,"9":1,"10":1,"11":1,"12":3,"13":6,"14":6,"15":6,"16":6,"17":3,"18":3},"branchMap":{"0":{"type":"branch","line":12,"loc":{"start":{"line":12,"column":15},"end":{"line":19,"column":1}},"locations":[{"start":{"line":12,"column":15},"end":{"line":19,"column":1}}]},"1":{"type":"branch","line":13,"loc":{"start":{"line":13,"column":47},"end":{"line":18,"column":3}},"locations":[{"start":{"line":13,"column":47},"end":{"line":18,"column":3}}]}},"b":{"0":[3],"1":[6]},"fnMap":{"0":{"name":"createDelegatedEventListener","decl":{"start":{"line":12,"column":15},"end":{"line":19,"column":1}},"loc":{"start":{"line":12,"column":15},"end":{"line":19,"column":1}},"line":12}},"f":{"0":3}}
,"/Users/jamieboyd/GitHub/good-utilities/Events/createGlobalMessenger/createGlobalMessenger.js": {"path":"/Users/jamieboyd/GitHub/good-utilities/Events/createGlobalMessenger/createGlobalMessenger.js","all":false,"statementMap":{"0":{"start":{"line":1,"column":0},"end":{"line":1,"column":62}},"3":{"start":{"line":4,"column":0},"end":{"line":4,"column":3}},"4":{"start":{"line":5,"column":0},"end":{"line":5,"column":24}},"5":{"start":{"line":6,"column":0},"end":{"line":6,"column":2}},"6":{"start":{"line":7,"column":0},"end":{"line":7,"column":10}},"7":{"start":{"line":8,"column":0},"end":{"line":8,"column":28}},"8":{"start":{"line":9,"column":0},"end":{"line":9,"column":27}},"9":{"start":{"line":10,"column":0},"end":{"line":10,"column":26}},"10":{"start":{"line":11,"column":0},"end":{"line":11,"column":33}},"11":{"start":{"line":12,"column":0},"end":{"line":12,"column":3}},"12":{"start":{"line":13,"column":0},"end":{"line":13,"column":92}},"13":{"start":{"line":14,"column":0},"end":{"line":14,"column":55}},"14":{"start":{"line":15,"column":0},"end":{"line":15,"column":24}},"15":{"start":{"line":16,"column":0},"end":{"line":16,"column":25}},"16":{"start":{"line":17,"column":0},"end":{"line":17,"column":26}},"17":{"start":{"line":18,"column":0},"end":{"line":18,"column":5}},"19":{"start":{"line":20,"column":0},"end":{"line":20,"column":31}},"20":{"start":{"line":21,"column":0},"end":{"line":21,"column":12}},"21":{"start":{"line":22,"column":0},"end":{"line":22,"column":1}}},"s":{"0":1,"3":1,"4":1,"5":1,"6":1,"7":1,"8":1,"9":1,"10":1,"11":1,"12":1,"13":3,"14":6,"15":2,"16":2,"17":2,"19":6,"20":3,"21":3},"branchMap":{"0":{"type":"branch","line":13,"loc":{"start":{"line":13,"column":15},"end":{"line":22,"column":1}},"locations":[{"start":{"line":13,"column":15},"end":{"line":22,"column":1}}]},"1":{"type":"branch","line":14,"loc":{"start":{"line":14,"column":47},"end":{"line":21,"column":3}},"locations":[{"start":{"line":14,"column":47},"end":{"line":21,"column":3}}]},"2":{"type":"branch","line":15,"loc":{"start":{"line":15,"column":23},"end":{"line":18,"column":5}},"locations":[{"start":{"line":15,"column":23},"end":{"line":18,"column":5}}]}},"b":{"0":[3],"1":[6],"2":[2]},"fnMap":{"0":{"name":"createGlobalMessenger","decl":{"start":{"line":13,"column":15},"end":{"line":22,"column":1}},"loc":{"start":{"line":13,"column":15},"end":{"line":22,"column":1}},"line":13}},"f":{"0":3}}
,"/Users/jamieboyd/GitHub/good-utilities/Events/messages/messages.js": {"path":"/Users/jamieboyd/GitHub/good-utilities/Events/messages/messages.js","all":false,"statementMap":{"0":{"start":{"line":1,"column":0},"end":{"line":1,"column":11}},"1":{"start":{"line":2,"column":0},"end":{"line":2,"column":11}},"2":{"start":{"line":3,"column":0},"end":{"line":3,"column":95}},"3":{"start":{"line":4,"column":0},"end":{"line":4,"column":55}},"4":{"start":{"line":5,"column":0},"end":{"line":5,"column":0}},"5":{"start":{"line":6,"column":0},"end":{"line":6,"column":3}},"6":{"start":{"line":7,"column":0},"end":{"line":7,"column":44}},"7":{"start":{"line":8,"column":0},"end":{"line":8,"column":2}},"8":{"start":{"line":9,"column":0},"end":{"line":9,"column":12}},"9":{"start":{"line":10,"column":0},"end":{"line":10,"column":3}},"10":{"start":{"line":11,"column":0},"end":{"line":11,"column":18}},"11":{"start":{"line":12,"column":0},"end":{"line":12,"column":26}},"12":{"start":{"line":13,"column":0},"end":{"line":13,"column":26}},"13":{"start":{"line":14,"column":0},"end":{"line":14,"column":24}},"14":{"start":{"line":15,"column":0},"end":{"line":15,"column":41}},"15":{"start":{"line":16,"column":0},"end":{"line":16,"column":47}},"16":{"start":{"line":17,"column":0},"end":{"line":17,"column":34}},"17":{"start":{"line":18,"column":0},"end":{"line":18,"column":37}},"18":{"start":{"line":19,"column":0},"end":{"line":19,"column":32}},"19":{"start":{"line":20,"column":0},"end":{"line":20,"column":32}},"20":{"start":{"line":21,"column":0},"end":{"line":21,"column":34}},"21":{"start":{"line":22,"column":0},"end":{"line":22,"column":28}},"22":{"start":{"line":23,"column":0},"end":{"line":23,"column":1}},"23":{"start":{"line":24,"column":0},"end":{"line":24,"column":0}},"24":{"start":{"line":25,"column":0},"end":{"line":25,"column":24}}},"s":{"0":1,"1":1,"2":1,"3":1,"4":1,"5":1,"6":1,"7":1,"8":1,"9":1,"10":1,"11":1,"12":1,"13":1,"14":1,"15":1,"16":1,"17":1,"18":1,"19":1,"20":1,"21":1,"22":1,"23":1,"24":1},"branchMap":{},"b":{},"fnMap":{},"f":{}}
}
